<?xml version="1.0" encoding="UTF-8"?>
<!-- Generated by org.testng.reporters.JUnitXMLReporter -->
<testsuite hostname="ATMECSINLT-647" ignored="0" name="Test" tests="3" failures="1" timestamp="2020-12-30T23:19:39 IST" time="0.265" errors="0">
  <testcase name="doLogin" time="0.07" classname="testcases.TestCase2"/>
  <testcase name="doUserReg" time="0.003" classname="testcases.TestCase2">
    <failure type="java.lang.AssertionError" message="User Reg test failed">
      <![CDATA[java.lang.AssertionError: User Reg test failed
at testcases.TestCase2.doUserReg(TestCase2.java:11)
at java.util.ArrayList.forEach(ArrayList.java:1257)
... Removed 28 stack frames]]>
    </failure>
  </testcase> <!-- doUserReg -->
  <testcase name="isSkip" time="0.001" classname="testcases.TestCase2">
    <skipped/>
  </testcase> <!-- isSkip -->
</testsuite> <!-- Test -->
